<?xml version="1.0" encoding="UTF-8"?>
<!-- Generated by org.testng.reporters.JUnitXMLReporter -->
<testsuite hostname="Amit" ignored="0" name="Free CRM App Test Cases" tests="1" failures="1" timestamp="26 Sep 2018 12:22:30 GMT" time="1.212" errors="0">
  <testcase name="loginK" time="1.184" classname="com.crm.qa.testcases.developTest">
    <failure type="java.lang.NullPointerException">
      <![CDATA[java.lang.NullPointerException
... Removed 28 stack frames]]>
    </failure>
  </testcase> <!-- loginK -->
</testsuite> <!-- Free CRM App Test Cases -->
