<?xml version="1.0" encoding="UTF-8"?>
<!-- Generated by org.testng.reporters.JUnitXMLReporter -->
<testsuite hostname="Amit" ignored="0" name="Free CRM App Test Cases" tests="8" failures="0" timestamp="02 Oct 2018 05:52:28 GMT" time="0.132" errors="0">
  <testcase name="loginK1" time="0.03" classname="com.crm.qa.testcases.developTest"/>
  <testcase name="loginK1" time="0.032" classname="com.crm.qa.testcases.HomePageTest"/>
  <testcase name="loginK2" time="0.003" classname="com.crm.qa.testcases.HomePageTest"/>
  <testcase name="loginK1" time="0.043" classname="com.crm.qa.testcases.ContactsPageTest"/>
  <testcase name="loginK1" time="0.048" classname="com.crm.qa.testcases.LoginPageTest"/>
  <testcase name="loginK2" time="0.003" classname="com.crm.qa.testcases.developTest"/>
  <testcase name="loginK2" time="0.003" classname="com.crm.qa.testcases.LoginPageTest"/>
  <testcase name="loginK2" time="0.002" classname="com.crm.qa.testcases.ContactsPageTest"/>
</testsuite> <!-- Free CRM App Test Cases -->
