<?xml version="1.0" encoding="UTF-8"?>
<testng-results skipped="0" failed="0" ignored="0" total="2" passed="2">
  <reporter-output>
  </reporter-output>
  <suite name="Default suite" duration-ms="64424" started-at="2018-10-08T17:50:23Z" finished-at="2018-10-08T17:51:28Z">
    <groups>
    </groups>
    <test name="Default test" duration-ms="64424" started-at="2018-10-08T17:50:23Z" finished-at="2018-10-08T17:51:28Z">
      <class name="com.crm.qa.testcases.Demo">
        <test-method status="PASS" signature="setUp()[pri:0, instance:com.crm.qa.testcases.Demo@4f7d0008]" name="setUp" is-config="true" duration-ms="14643" started-at="2018-10-08T23:20:23Z" finished-at="2018-10-08T23:20:38Z">
          <reporter-output>
          </reporter-output>
        </test-method> <!-- setUp -->
        <test-method status="PASS" signature="addContentInSmartRoomLocalDrive()[pri:0, instance:com.crm.qa.testcases.Demo@4f7d0008]" name="addContentInSmartRoomLocalDrive" duration-ms="49742" started-at="2018-10-08T23:20:38Z" finished-at="2018-10-08T23:21:28Z">
          <reporter-output>
          </reporter-output>
        </test-method> <!-- addContentInSmartRoomLocalDrive -->
        <test-method status="PASS" signature="loginK2()[pri:0, instance:com.crm.qa.testcases.Demo@4f7d0008]" name="loginK2" duration-ms="2" started-at="2018-10-08T23:21:28Z" finished-at="2018-10-08T23:21:28Z">
          <reporter-output>
          </reporter-output>
        </test-method> <!-- loginK2 -->
        <test-method status="PASS" signature="loginK1091()[pri:0, instance:com.crm.qa.testcases.Demo@4f7d0008]" name="loginK1091" is-config="true" duration-ms="0" started-at="2018-10-08T23:21:28Z" finished-at="2018-10-08T23:21:28Z">
          <reporter-output>
          </reporter-output>
        </test-method> <!-- loginK1091 -->
      </class> <!-- com.crm.qa.testcases.Demo -->
    </test> <!-- Default test -->
  </suite> <!-- Default suite -->
</testng-results>
